<?xml version="1.0" encoding="UTF-8"?>
<!-- Generated by org.testng.reporters.JUnitReportReporter -->
<testsuite skipped="0" hostname="LHTU05CG752028N" name="FirstTestNG.PrintHref" tests="3" failures="0" timestamp="2019-10-13T07:40:08 IST" time="40.610" errors="0">
  <testcase name="login_Wiki" time="10.060" classname="FirstTestNG.PrintHref"/>
  <testcase name="Ckeck_Wiki" time="0.277" classname="FirstTestNG.PrintHref"/>
  <testcase name="pick_Link" time="30.273" classname="FirstTestNG.PrintHref"/>
</testsuite> <!-- FirstTestNG.PrintHref -->
