<?xml version="1.0" encoding="UTF-8"?>
<!-- Generated by org.testng.reporters.JUnitReportReporter -->
<testsuite skipped="1" hostname="LHTU05CG752028N" name="FirstTestNG.TestEngine" tests="2" failures="0" timestamp="2019-10-13T11:05:35 IST" time="0.014" errors="0">
  <testcase name="Product_Sanity" time="0.003" classname="FirstTestNG.TestEngine">
    <skipped/>
  </testcase> <!-- Product_Sanity -->
  <testcase name="Product_Sanity" time="0.011" classname="FirstTestNG.TestEngine"/>
</testsuite> <!-- FirstTestNG.TestEngine -->
