<?xml version="1.0" encoding="UTF-8"?>
<!-- Generated by org.testng.reporters.JUnitReportReporter -->
<testsuite skipped="0" hostname="LHTU05CG752028N" name="FirstTestNG.DayTwoFirst" tests="3" failures="0" timestamp="2019-10-06T08:28:19 IST" time="0.022" errors="0">
  <testcase name="Test1" time="0.018" classname="FirstTestNG.DayTwoFirst"/>
  <testcase name="Test2" time="0.002" classname="FirstTestNG.DayTwoFirst"/>
  <testcase name="Test3" time="0.002" classname="FirstTestNG.DayTwoFirst"/>
</testsuite> <!-- FirstTestNG.DayTwoFirst -->
