<?xml version="1.0" encoding="UTF-8"?>
<!-- Generated by org.testng.reporters.JUnitReportReporter -->
<testsuite skipped="0" hostname="LHTU05CG752028N" name="FirstTestNG.WebInteraction" tests="3" failures="0" timestamp="2019-10-13T07:35:38 IST" time="29.471" errors="0">
  <testcase name="login_Wiki" time="11.594" classname="FirstTestNG.WebInteraction"/>
  <testcase name="Ckeck_Wiki" time="0.227" classname="FirstTestNG.WebInteraction"/>
  <testcase name="pick_Link" time="17.650" classname="FirstTestNG.WebInteraction"/>
</testsuite> <!-- FirstTestNG.WebInteraction -->
